<?xml version="1.0" encoding="UTF-8" ?>
<testsuite tests="4" failures="0" name="trueaccord.DebtsClientTest" time="5.874" errors="0" skipped="0">
  <properties>
[...]
</properties>
  <testcase classname="trueaccord.DebtsClientTest" name="testGetPayments" time="1.635"/>
  <testcase classname="trueaccord.DebtsClientTest" name="testCalcNextPaymentDate" time="1.325"/>
  <testcase classname="trueaccord.DebtsClientTest" name="testGetAllDebtData" time="1.442"/>
  <testcase classname="trueaccord.DebtsClientTest" name="testGetPaymentPlans" time="1.472"/>
</testsuite>